[0m04:22:54.409612 [debug] [MainThread]: Sending event: {'category': 'dbt', 'action': 'invocation', 'label': 'start', 'context': [<snowplow_tracker.self_describing_json.SelfDescribingJson object at 0x000001E1BB9A0E90>, <snowplow_tracker.self_describing_json.SelfDescribingJson object at 0x000001E1BB9A33E0>, <snowplow_tracker.self_describing_json.SelfDescribingJson object at 0x000001E1BB9A00B0>]}


============================== 04:22:54.425239 | 55935b98-efb7-42a4-ae83-6b3984b44e11 ==============================
[0m04:22:54.425239 [info ] [MainThread]: Running with dbt=1.9.0
[0m04:22:54.425239 [debug] [MainThread]: running dbt with arguments {'printer_width': '80', 'indirect_selection': 'eager', 'write_json': 'True', 'log_cache_events': 'False', 'partial_parse': 'True', 'cache_selected_only': 'False', 'profiles_dir': 'C:\\Users\\abdel\\.dbt', 'fail_fast': 'False', 'debug': 'False', 'log_path': 'c:\\Users\\abdel\\OneDrive\\Documents\\GitHub\\shipping_company\\ELT-Pipeline\\dbt\\logs', 'version_check': 'True', 'warn_error': 'None', 'use_colors': 'True', 'use_experimental_parser': 'False', 'no_print': 'None', 'quiet': 'False', 'empty': 'None', 'log_format': 'default', 'static_parser': 'True', 'introspect': 'True', 'warn_error_options': 'WarnErrorOptions(include=[], exclude=[])', 'target_path': 'None', 'invocation_command': 'dbt ', 'send_anonymous_usage_stats': 'True'}
[0m04:22:55.722109 [debug] [MainThread]: Sending event: {'category': 'dbt', 'action': 'project_id', 'label': '55935b98-efb7-42a4-ae83-6b3984b44e11', 'context': [<snowplow_tracker.self_describing_json.SelfDescribingJson object at 0x000001E1BB8B06E0>]}
[0m04:22:55.878362 [info ] [MainThread]: Warning: No packages were found in packages.yml
[0m04:22:55.878362 [info ] [MainThread]: Warning: No packages were found in packages.yml
[0m04:22:55.893987 [debug] [MainThread]: Command `cli deps` succeeded at 04:22:55.893987 after 1.86 seconds
[0m04:22:55.893987 [debug] [MainThread]: Sending event: {'category': 'dbt', 'action': 'invocation', 'label': 'end', 'context': [<snowplow_tracker.self_describing_json.SelfDescribingJson object at 0x000001E1BBCE7A70>, <snowplow_tracker.self_describing_json.SelfDescribingJson object at 0x000001E1BBDF6930>, <snowplow_tracker.self_describing_json.SelfDescribingJson object at 0x000001E1BBDF59D0>]}
[0m04:22:55.893987 [debug] [MainThread]: Flushing usage events
[0m04:22:55.925236 [debug] [MainThread]: An error was encountered while trying to flush usage events
[0m04:31:08.474014 [debug] [MainThread]: Sending event: {'category': 'dbt', 'action': 'invocation', 'label': 'start', 'context': [<snowplow_tracker.self_describing_json.SelfDescribingJson object at 0x000002173CD36750>, <snowplow_tracker.self_describing_json.SelfDescribingJson object at 0x000002173CCDD850>, <snowplow_tracker.self_describing_json.SelfDescribingJson object at 0x000002173F33BF80>]}


============================== 04:31:08.491599 | 2e5a75e4-36c8-4ac9-8cf7-6b9f6809ca9b ==============================
[0m04:31:08.491599 [info ] [MainThread]: Running with dbt=1.9.0
[0m04:31:08.492568 [debug] [MainThread]: running dbt with arguments {'printer_width': '80', 'indirect_selection': 'eager', 'log_cache_events': 'False', 'write_json': 'True', 'partial_parse': 'True', 'cache_selected_only': 'False', 'warn_error': 'None', 'debug': 'False', 'profiles_dir': 'C:\\Users\\abdel\\.dbt', 'log_path': 'c:\\Users\\abdel\\OneDrive\\Documents\\GitHub\\shipping_company\\ELT-Pipeline\\dbt\\logs', 'version_check': 'True', 'fail_fast': 'False', 'use_colors': 'True', 'use_experimental_parser': 'False', 'no_print': 'None', 'quiet': 'False', 'empty': 'None', 'warn_error_options': 'WarnErrorOptions(include=[], exclude=[])', 'static_parser': 'True', 'invocation_command': 'dbt ', 'log_format': 'default', 'target_path': 'None', 'introspect': 'True', 'send_anonymous_usage_stats': 'True'}
[0m04:31:09.217389 [debug] [MainThread]: Sending event: {'category': 'dbt', 'action': 'project_id', 'label': '2e5a75e4-36c8-4ac9-8cf7-6b9f6809ca9b', 'context': [<snowplow_tracker.self_describing_json.SelfDescribingJson object at 0x000002173FC505F0>]}
[0m04:31:09.294649 [info ] [MainThread]: Warning: No packages were found in packages.yml
[0m04:31:09.294649 [info ] [MainThread]: Warning: No packages were found in packages.yml
[0m04:31:09.310278 [debug] [MainThread]: Command `cli deps` succeeded at 04:31:09.310278 after 1.14 seconds
[0m04:31:09.310278 [debug] [MainThread]: Sending event: {'category': 'dbt', 'action': 'invocation', 'label': 'end', 'context': [<snowplow_tracker.self_describing_json.SelfDescribingJson object at 0x000002173BA7DC40>, <snowplow_tracker.self_describing_json.SelfDescribingJson object at 0x0000021741051D00>, <snowplow_tracker.self_describing_json.SelfDescribingJson object at 0x000002173FB1A7E0>]}
[0m04:31:09.310278 [debug] [MainThread]: Flushing usage events
[0m04:31:11.156934 [debug] [MainThread]: An error was encountered while trying to flush usage events
